Android/Foret_APP_prototype/app/build/intermediates/manifest_merge_blame_file/debug/manifest-merger-blame-debug-report.txt
1<?xml version="1.0" encoding="utf-8"?>
2<manifest xmlns:android="http://schemas.android.com/apk/res/android"
3    package="com.example.foret_app_prototype"
4    android:versionCode="1"
5    android:versionName="1.0" >
6
7    <uses-sdk
8        android:minSdkVersion="24"
8-->src\main\AndroidManifest.xml
9        android:targetSdkVersion="30" />
9-->src\main\AndroidManifest.xml
10
11    <application
11-->src\main\AndroidManifest.xml:5:5-40:19
12        android:allowBackup="true"
12-->src\main\AndroidManifest.xml:6:9-35
13        android:appComponentFactory="androidx.core.app.CoreComponentFactory"
13-->[androidx.core:core:1.3.1] AndroidManifest.xml:24:18-86
14        android:debuggable="true"
15        android:extractNativeLibs="false"
16        android:icon="@drawable/ic_foret"
16-->src\main\AndroidManifest.xml:7:9-42
17        android:label="@string/app_name"
17-->src\main\AndroidManifest.xml:8:9-41
18        android:roundIcon="@drawable/ic_foret"
18-->src\main\AndroidManifest.xml:9:9-47
19        android:supportsRtl="true"
19-->src\main\AndroidManifest.xml:10:9-35
20        android:testOnly="true"
21        android:theme="@style/Theme.AppCompat.Light.NoActionBar" >
21-->src\main\AndroidManifest.xml:11:9-65
22        <activity
22-->src\main\AndroidManifest.xml:12:9-15:50
23            android:name="com.example.foret_app_prototype.activity.TestActivity"
23-->src\main\AndroidManifest.xml:13:13-50
24            android:label="@string/title_activity_test"
24-->src\main\AndroidManifest.xml:14:13-56
25            android:theme="@style/NoActionBar" />
25-->src\main\AndroidManifest.xml:15:13-47
26        <activity android:name="com.example.foret_app_prototype.activity.free.WriteFreeActivity$ReadFreeActivity" />
26-->src\main\AndroidManifest.xml:16:9-86
26-->src\main\AndroidManifest.xml:16:19-83
27        <activity android:name="com.example.foret_app_prototype.activity.foret.EditForetActivity" />
27-->src\main\AndroidManifest.xml:17:9-70
27-->src\main\AndroidManifest.xml:17:19-67
28        <activity android:name="com.example.foret_app_prototype.activity.menu.EditMYInformActivity" />
28-->src\main\AndroidManifest.xml:18:9-72
28-->src\main\AndroidManifest.xml:18:19-69
29        <activity android:name="com.example.foret_app_prototype.activity.foret.board.ReadForetBoardActivity" />
29-->src\main\AndroidManifest.xml:19:9-81
29-->src\main\AndroidManifest.xml:19:19-78
30        <activity android:name="com.example.foret_app_prototype.activity.foret.board.EditForetBoardActivity" />
30-->src\main\AndroidManifest.xml:20:9-81
30-->src\main\AndroidManifest.xml:20:19-78
31        <activity android:name="com.example.foret_app_prototype.activity.foret.board.WriteForetBoardActivity" />
31-->src\main\AndroidManifest.xml:21:9-82
31-->src\main\AndroidManifest.xml:21:19-79
32        <activity android:name="com.example.foret_app_prototype.activity.foret.ViewForetActivity" />
32-->src\main\AndroidManifest.xml:22:9-70
32-->src\main\AndroidManifest.xml:22:19-67
33        <activity android:name="com.example.foret_app_prototype.activity.foret.MakeForetActivity" />
33-->src\main\AndroidManifest.xml:23:9-70
33-->src\main\AndroidManifest.xml:23:19-67
34        <activity android:name="com.example.foret_app_prototype.activity.search.SearchResultActivity" />
34-->src\main\AndroidManifest.xml:24:9-74
34-->src\main\AndroidManifest.xml:24:19-71
35        <activity android:name="com.example.foret_app_prototype.activity.free.EditFreeActivity" />
35-->src\main\AndroidManifest.xml:25:9-68
35-->src\main\AndroidManifest.xml:25:19-65
36        <activity android:name="com.example.foret_app_prototype.activity.free.SearchFreeActivity" />
36-->src\main\AndroidManifest.xml:26:9-70
36-->src\main\AndroidManifest.xml:26:19-67
37        <activity android:name="com.example.foret_app_prototype.activity.free.WriteFreeActivity" />
37-->src\main\AndroidManifest.xml:27:9-69
37-->src\main\AndroidManifest.xml:27:19-66
38        <activity android:name="com.example.foret_app_prototype.activity.login.JoinUsActivity" />
38-->src\main\AndroidManifest.xml:28:9-67
38-->src\main\AndroidManifest.xml:28:19-64
39        <activity android:name="com.example.foret_app_prototype.activity.login.LoginActivity" />
39-->src\main\AndroidManifest.xml:29:9-66
39-->src\main\AndroidManifest.xml:29:19-63
40        <activity android:name="com.example.foret_app_prototype.activity.login.SplashActivity" >
40-->src\main\AndroidManifest.xml:30:9-36:20
40-->src\main\AndroidManifest.xml:30:19-64
41            <intent-filter>
41-->src\main\AndroidManifest.xml:31:13-35:29
42                <action android:name="android.intent.action.MAIN" />
42-->src\main\AndroidManifest.xml:32:17-69
42-->src\main\AndroidManifest.xml:32:25-66
43
44                <category android:name="android.intent.category.LAUNCHER" />
44-->src\main\AndroidManifest.xml:34:17-77
44-->src\main\AndroidManifest.xml:34:27-74
45            </intent-filter>
46        </activity>
47        <activity
47-->src\main\AndroidManifest.xml:37:9-39:48
48            android:name="com.example.foret_app_prototype.activity.MainActivity"
48-->src\main\AndroidManifest.xml:38:13-50
49            android:label="@string/app_name" />
49-->src\main\AndroidManifest.xml:39:13-45
50    </application>
51
52</manifest>